{"level":"debug","message":"Marketplace service started","module":"marketplace","timestamp":"2025-11-25T18:30:25.671Z"}
{"level":"debug","message":"Call service started","module":"calls","timestamp":"2025-11-25T18:30:25.690Z"}
{"level":"debug","message":"Player Service started","module":"player","timestamp":"2025-11-25T18:30:25.690Z"}
{"level":"info","message":"Loading QBX bridge....","timestamp":"2025-11-25T18:30:25.690Z"}
{"level":"info","message":"QBX bridge initialized","timestamp":"2025-11-25T18:30:25.691Z"}
{"level":"debug","message":"Boot service started","module":"boot","timestamp":"2025-11-25T18:30:25.691Z"}
{"level":"debug","message":"Messages service started","module":"messages","timestamp":"2025-11-25T18:30:25.691Z"}
{"level":"debug","message":"Notes service started","module":"notes","timestamp":"2025-11-25T18:30:25.691Z"}
{"level":"debug","message":"Contacts service started","module":"contact","timestamp":"2025-11-25T18:30:25.691Z"}
{"level":"debug","message":"Photo service started","module":"photo","timestamp":"2025-11-25T18:30:25.735Z"}
{"level":"debug","message":"Twitter service started","module":"twitter","timestamp":"2025-11-25T18:30:25.735Z"}
{"level":"debug","message":"Match service started","module":"match","timestamp":"2025-11-25T18:30:25.735Z"}
{"level":"debug","message":"Beginning database schema validation","module":"boot","timestamp":"2025-11-25T18:30:26.470Z"}
{"level":"info","message":"Successfully started","timestamp":"2025-11-25T18:30:26.478Z"}
{"level":"info","message":"Executed query (SELECT COUNT(*) as count\n                       FROM information_schema.tables\n                       WHERE table_schema = ?\n                         AND table_name = ? [\"Qbox_25F468\",\"players\"]) in 107.6536ms'","module":"DBInterface","timestamp":"2025-11-25T18:30:26.579Z"}
{"level":"info","message":"Executed query (SHOW COLUMNS IN players []) in 4.3893ms'","module":"DBInterface","timestamp":"2025-11-25T18:30:26.583Z"}
{"level":"debug","message":"Database schema successfully validated","module":"boot","timestamp":"2025-11-25T18:30:26.583Z"}
{"level":"debug","message":"Marketplace service started","module":"marketplace","timestamp":"2025-11-25T19:39:25.731Z"}
{"level":"debug","message":"Call service started","module":"calls","timestamp":"2025-11-25T19:39:25.733Z"}
{"level":"debug","message":"Player Service started","module":"player","timestamp":"2025-11-25T19:39:25.733Z"}
{"level":"info","message":"Loading QBX bridge....","timestamp":"2025-11-25T19:39:25.733Z"}
{"level":"info","message":"QBX bridge initialized","timestamp":"2025-11-25T19:39:25.733Z"}
{"level":"debug","message":"Boot service started","module":"boot","timestamp":"2025-11-25T19:39:25.733Z"}
{"level":"debug","message":"Messages service started","module":"messages","timestamp":"2025-11-25T19:39:25.734Z"}
{"level":"debug","message":"Notes service started","module":"notes","timestamp":"2025-11-25T19:39:25.734Z"}
{"level":"debug","message":"Contacts service started","module":"contact","timestamp":"2025-11-25T19:39:25.734Z"}
{"level":"debug","message":"Photo service started","module":"photo","timestamp":"2025-11-25T19:39:25.773Z"}
{"level":"debug","message":"Twitter service started","module":"twitter","timestamp":"2025-11-25T19:39:25.774Z"}
{"level":"debug","message":"Match service started","module":"match","timestamp":"2025-11-25T19:39:25.774Z"}
{"level":"debug","message":"Beginning database schema validation","module":"boot","timestamp":"2025-11-25T19:39:26.587Z"}
{"level":"info","message":"Successfully started","timestamp":"2025-11-25T19:39:26.594Z"}
{"level":"info","message":"Executed query (SELECT COUNT(*) as count\n                       FROM information_schema.tables\n                       WHERE table_schema = ?\n                         AND table_name = ? [\"Qbox_25F468\",\"players\"]) in 50.1401ms'","module":"DBInterface","timestamp":"2025-11-25T19:39:26.637Z"}
{"level":"info","message":"Executed query (SHOW COLUMNS IN players []) in 3.5151ms'","module":"DBInterface","timestamp":"2025-11-25T19:39:26.641Z"}
{"level":"debug","message":"Database schema successfully validated","module":"boot","timestamp":"2025-11-25T19:39:26.641Z"}
{"level":"debug","message":"Marketplace service started","module":"marketplace","timestamp":"2025-11-25T19:40:18.593Z"}
{"level":"debug","message":"Call service started","module":"calls","timestamp":"2025-11-25T19:40:18.594Z"}
{"level":"debug","message":"Player Service started","module":"player","timestamp":"2025-11-25T19:40:18.594Z"}
{"level":"info","message":"Loading QBX bridge....","timestamp":"2025-11-25T19:40:18.595Z"}
{"level":"info","message":"QBX bridge initialized","timestamp":"2025-11-25T19:40:18.595Z"}
{"level":"debug","message":"Boot service started","module":"boot","timestamp":"2025-11-25T19:40:18.595Z"}
{"level":"debug","message":"Messages service started","module":"messages","timestamp":"2025-11-25T19:40:18.595Z"}
{"level":"debug","message":"Notes service started","module":"notes","timestamp":"2025-11-25T19:40:18.595Z"}
{"level":"debug","message":"Contacts service started","module":"contact","timestamp":"2025-11-25T19:40:18.595Z"}
{"level":"debug","message":"Photo service started","module":"photo","timestamp":"2025-11-25T19:40:18.635Z"}
{"level":"debug","message":"Twitter service started","module":"twitter","timestamp":"2025-11-25T19:40:18.635Z"}
{"level":"debug","message":"Match service started","module":"match","timestamp":"2025-11-25T19:40:18.635Z"}
{"level":"debug","message":"Beginning database schema validation","module":"boot","timestamp":"2025-11-25T19:40:19.252Z"}
{"level":"info","message":"Successfully started","timestamp":"2025-11-25T19:40:19.260Z"}
{"level":"info","message":"Executed query (SELECT COUNT(*) as count\n                       FROM information_schema.tables\n                       WHERE table_schema = ?\n                         AND table_name = ? [\"Qbox_25F468\",\"players\"]) in 52.1095ms'","module":"DBInterface","timestamp":"2025-11-25T19:40:19.305Z"}
{"level":"info","message":"Executed query (SHOW COLUMNS IN players []) in 3.345ms'","module":"DBInterface","timestamp":"2025-11-25T19:40:19.309Z"}
{"level":"debug","message":"Database schema successfully validated","module":"boot","timestamp":"2025-11-25T19:40:19.309Z"}
{"level":"debug","message":"Marketplace service started","module":"marketplace","timestamp":"2025-11-25T19:41:13.264Z"}
{"level":"debug","message":"Call service started","module":"calls","timestamp":"2025-11-25T19:41:13.265Z"}
{"level":"debug","message":"Player Service started","module":"player","timestamp":"2025-11-25T19:41:13.265Z"}
{"level":"info","message":"Loading QBX bridge....","timestamp":"2025-11-25T19:41:13.265Z"}
{"level":"info","message":"QBX bridge initialized","timestamp":"2025-11-25T19:41:13.266Z"}
{"level":"debug","message":"Boot service started","module":"boot","timestamp":"2025-11-25T19:41:13.266Z"}
{"level":"debug","message":"Messages service started","module":"messages","timestamp":"2025-11-25T19:41:13.266Z"}
{"level":"debug","message":"Notes service started","module":"notes","timestamp":"2025-11-25T19:41:13.266Z"}
{"level":"debug","message":"Contacts service started","module":"contact","timestamp":"2025-11-25T19:41:13.266Z"}
{"level":"debug","message":"Photo service started","module":"photo","timestamp":"2025-11-25T19:41:13.310Z"}
{"level":"debug","message":"Twitter service started","module":"twitter","timestamp":"2025-11-25T19:41:13.310Z"}
{"level":"debug","message":"Match service started","module":"match","timestamp":"2025-11-25T19:41:13.311Z"}
{"level":"debug","message":"Beginning database schema validation","module":"boot","timestamp":"2025-11-25T19:41:13.936Z"}
{"level":"info","message":"Successfully started","timestamp":"2025-11-25T19:41:13.943Z"}
{"level":"info","message":"Executed query (SELECT COUNT(*) as count\n                       FROM information_schema.tables\n                       WHERE table_schema = ?\n                         AND table_name = ? [\"Qbox_25F468\",\"players\"]) in 41.9741ms'","module":"DBInterface","timestamp":"2025-11-25T19:41:13.978Z"}
{"level":"info","message":"Executed query (SHOW COLUMNS IN players []) in 3.4026ms'","module":"DBInterface","timestamp":"2025-11-25T19:41:13.982Z"}
{"level":"debug","message":"Database schema successfully validated","module":"boot","timestamp":"2025-11-25T19:41:13.982Z"}
